<?xml version="1.0" encoding="UTF-8"?>
<testsuite name="com.benhurds12.transacao_api.controller.TransacaoControllerTest" tests="3" skipped="0" failures="0" errors="0" timestamp="2025-04-11T17:36:59" hostname="MacBook-Air-de-Benhurds.local" time="3.045">
  <properties/>
  <testcase name="deveGerarExcecaoAoAdicionarTransacao()" classname="com.benhurds12.transacao_api.controller.TransacaoControllerTest" time="2.921"/>
  <testcase name="deveDeletarTransacoesComSucesso()" classname="com.benhurds12.transacao_api.controller.TransacaoControllerTest" time="0.06"/>
  <testcase name="deveAdicionarTransacaoComSucesso()" classname="com.benhurds12.transacao_api.controller.TransacaoControllerTest" time="0.055"/>
  <system-out><![CDATA[14:37:01.297 [Test worker] INFO org.springframework.validation.beanvalidation.OptionalValidatorFactoryBean -- Failed to set up a Bean Validation provider: jakarta.validation.NoProviderFoundException: Unable to create a Configuration, because no Jakarta Bean Validation provider could be found. Add a provider like Hibernate Validator (RI) to your classpath.
14:37:01.817 [Test worker] INFO org.springframework.mock.web.MockServletContext -- Initializing Spring TestDispatcherServlet ''
14:37:01.819 [Test worker] INFO org.springframework.test.web.servlet.TestDispatcherServlet -- Initializing Servlet ''
14:37:01.831 [Test worker] INFO org.springframework.test.web.servlet.TestDispatcherServlet -- Completed initialization in 8 ms
14:37:02.345 [Test worker] INFO org.springframework.validation.beanvalidation.OptionalValidatorFactoryBean -- Failed to set up a Bean Validation provider: jakarta.validation.NoProviderFoundException: Unable to create a Configuration, because no Jakarta Bean Validation provider could be found. Add a provider like Hibernate Validator (RI) to your classpath.
14:37:02.360 [Test worker] INFO org.springframework.mock.web.MockServletContext -- Initializing Spring TestDispatcherServlet ''
14:37:02.361 [Test worker] INFO org.springframework.test.web.servlet.TestDispatcherServlet -- Initializing Servlet ''
14:37:02.361 [Test worker] INFO org.springframework.test.web.servlet.TestDispatcherServlet -- Completed initialization in 0 ms
14:37:02.402 [Test worker] INFO org.springframework.validation.beanvalidation.OptionalValidatorFactoryBean -- Failed to set up a Bean Validation provider: jakarta.validation.NoProviderFoundException: Unable to create a Configuration, because no Jakarta Bean Validation provider could be found. Add a provider like Hibernate Validator (RI) to your classpath.
14:37:02.428 [Test worker] INFO org.springframework.mock.web.MockServletContext -- Initializing Spring TestDispatcherServlet ''
14:37:02.430 [Test worker] INFO org.springframework.test.web.servlet.TestDispatcherServlet -- Initializing Servlet ''
14:37:02.431 [Test worker] INFO org.springframework.test.web.servlet.TestDispatcherServlet -- Completed initialization in 1 ms
]]></system-out>
  <system-err><![CDATA[]]></system-err>
</testsuite>
